The system is: Linux - 3.10.0-693.21.1.el7.x86_64 - x86_64
Compiling the C compiler identification source file "CMakeCCompilerId.c" succeeded.
Compiler: /glade/work/ssuresh/1810pgi/openmpi/bin/mpicc 
Build flags: -O3;;-DSINGLE_PRECISION
Id flags: 

The output was:
0


Compilation of the C compiler identification source "CMakeCCompilerId.c" produced "a.out"

The C compiler identification is PGI, found in "/glade/scratch/ssuresh/viz/MPAS/src/paraview_catalyst/Adaptor-build/CMakeFiles/2.8.12.2/CompilerIdC/a.out"

Compiling the CXX compiler identification source file "CMakeCXXCompilerId.cpp" succeeded.
Compiler: /glade/work/ssuresh/1810pgi/openmpi/bin/mpicxx 
Build flags: -O3;-DSINGLE_PRECISION
Id flags: 

The output was:
0


Compilation of the CXX compiler identification source "CMakeCXXCompilerId.cpp" produced "a.out"

The CXX compiler identification is PGI, found in "/glade/scratch/ssuresh/viz/MPAS/src/paraview_catalyst/Adaptor-build/CMakeFiles/2.8.12.2/CompilerIdCXX/a.out"

Determining if the C compiler works passed with the following output:
Change Dir: /glade/scratch/ssuresh/viz/MPAS/src/paraview_catalyst/Adaptor-build/CMakeFiles/CMakeTmp

Run Build Command:/bin/gmake "cmTryCompileExec2727389151/fast"
gmake[4]: Entering directory `/glade/scratch/ssuresh/viz/MPAS/src/paraview_catalyst/Adaptor-build/CMakeFiles/CMakeTmp'
/bin/gmake -f CMakeFiles/cmTryCompileExec2727389151.dir/build.make CMakeFiles/cmTryCompileExec2727389151.dir/build
gmake[5]: Entering directory `/glade/scratch/ssuresh/viz/MPAS/src/paraview_catalyst/Adaptor-build/CMakeFiles/CMakeTmp'
/usr/bin/cmake -E cmake_progress_report /glade/scratch/ssuresh/viz/MPAS/src/paraview_catalyst/Adaptor-build/CMakeFiles/CMakeTmp/CMakeFiles 1
Building C object CMakeFiles/cmTryCompileExec2727389151.dir/testCCompiler.c.o
/glade/work/ssuresh/1810pgi/openmpi/bin/mpicc   -O3  -DSINGLE_PRECISION     -o CMakeFiles/cmTryCompileExec2727389151.dir/testCCompiler.c.o   -c /glade/scratch/ssuresh/viz/MPAS/src/paraview_catalyst/Adaptor-build/CMakeFiles/CMakeTmp/testCCompiler.c
Linking C executable cmTryCompileExec2727389151
/usr/bin/cmake -E cmake_link_script CMakeFiles/cmTryCompileExec2727389151.dir/link.txt --verbose=1
/glade/work/ssuresh/1810pgi/openmpi/bin/mpicc  -O3  -DSINGLE_PRECISION     -O3 -Mnofma -acc -ta=tesla:cc70,pinned -Minfo=accel CMakeFiles/cmTryCompileExec2727389151.dir/testCCompiler.c.o  -o cmTryCompileExec2727389151  
gmake[5]: Leaving directory `/glade/scratch/ssuresh/viz/MPAS/src/paraview_catalyst/Adaptor-build/CMakeFiles/CMakeTmp'
gmake[4]: Leaving directory `/glade/scratch/ssuresh/viz/MPAS/src/paraview_catalyst/Adaptor-build/CMakeFiles/CMakeTmp'


Detecting C compiler ABI info compiled with the following output:
Change Dir: /glade/scratch/ssuresh/viz/MPAS/src/paraview_catalyst/Adaptor-build/CMakeFiles/CMakeTmp

Run Build Command:/bin/gmake "cmTryCompileExec3054818513/fast"
gmake[4]: Entering directory `/glade/scratch/ssuresh/viz/MPAS/src/paraview_catalyst/Adaptor-build/CMakeFiles/CMakeTmp'
/bin/gmake -f CMakeFiles/cmTryCompileExec3054818513.dir/build.make CMakeFiles/cmTryCompileExec3054818513.dir/build
gmake[5]: Entering directory `/glade/scratch/ssuresh/viz/MPAS/src/paraview_catalyst/Adaptor-build/CMakeFiles/CMakeTmp'
/usr/bin/cmake -E cmake_progress_report /glade/scratch/ssuresh/viz/MPAS/src/paraview_catalyst/Adaptor-build/CMakeFiles/CMakeTmp/CMakeFiles 1
Building C object CMakeFiles/cmTryCompileExec3054818513.dir/CMakeCCompilerABI.c.o
/glade/work/ssuresh/1810pgi/openmpi/bin/mpicc   -O3  -DSINGLE_PRECISION     -o CMakeFiles/cmTryCompileExec3054818513.dir/CMakeCCompilerABI.c.o   -c /usr/share/cmake/Modules/CMakeCCompilerABI.c
Linking C executable cmTryCompileExec3054818513
/usr/bin/cmake -E cmake_link_script CMakeFiles/cmTryCompileExec3054818513.dir/link.txt --verbose=1
/glade/work/ssuresh/1810pgi/openmpi/bin/mpicc  -O3  -DSINGLE_PRECISION    -v CMakeFiles/cmTryCompileExec3054818513.dir/CMakeCCompilerABI.c.o  -o cmTryCompileExec3054818513   
Export PGI_CURR_CUDA_HOME=/glade/work/ssuresh/1810pgi/linux86-64/2018/cuda/9.2
Export PGI=/glade/work/ssuresh/1810pgi

/bin/ld /usr/lib64/crt1.o /usr/lib64/crti.o /glade/work/ssuresh/1810pgi/linux86-64/18.10/lib/trace_init.o /usr/lib/gcc/x86_64-redhat-linux/4.8.5/crtbegin.o /glade/work/ssuresh/1810pgi/linux86-64/18.10/lib/initmp.o --eh-frame-hdr -m elf_x86_64 -dynamic-linker /lib64/ld-linux-x86-64.so.2 /glade/work/ssuresh/1810pgi/linux86-64/18.10/lib/pgi.ld -L/glade/work/ssuresh/1810pgi/openmpi/lib -L/glade/work/ssuresh/1810pgi/linux86-64/18.10/lib -L/usr/lib64 -L/usr/lib/gcc/x86_64-redhat-linux/4.8.5 CMakeFiles/cmTryCompileExec3054818513.dir/CMakeCCompilerABI.c.o -rpath /glade/work/ssuresh/1810pgi/openmpi/lib --enable-new-dtags -lmpi -rpath /glade/work/ssuresh/1810pgi/linux86-64/18.10/lib -rpath /usr/lib/gcc/x86_64-redhat-linux/4.8.5/../../../../lib64 -o cmTryCompileExec3054818513 -L/usr/lib/gcc/x86_64-redhat-linux/4.8.5/../../../../lib64 -lpgmp -lnuma -lpthread --start-group -lpgmath -lnspgc -lpgc --end-group -lm -lgcc -lc -lgcc -lgcc_s /usr/lib/gcc/x86_64-redhat-linux/4.8.5/crtend.o /usr/lib64/crtn.o
gmake[5]: Leaving directory `/glade/scratch/ssuresh/viz/MPAS/src/paraview_catalyst/Adaptor-build/CMakeFiles/CMakeTmp'
gmake[4]: Leaving directory `/glade/scratch/ssuresh/viz/MPAS/src/paraview_catalyst/Adaptor-build/CMakeFiles/CMakeTmp'


Parsed C implicit link information from above output:
  link line regex: [^( *|.*[/\])(ld|([^/\]+-)?ld|collect2)[^/\]*( |$)]
  ignore line: [Change Dir: /glade/scratch/ssuresh/viz/MPAS/src/paraview_catalyst/Adaptor-build/CMakeFiles/CMakeTmp]
  ignore line: []
  ignore line: [Run Build Command:/bin/gmake "cmTryCompileExec3054818513/fast"]
  ignore line: [gmake[4]: Entering directory `/glade/scratch/ssuresh/viz/MPAS/src/paraview_catalyst/Adaptor-build/CMakeFiles/CMakeTmp']
  ignore line: [/bin/gmake -f CMakeFiles/cmTryCompileExec3054818513.dir/build.make CMakeFiles/cmTryCompileExec3054818513.dir/build]
  ignore line: [gmake[5]: Entering directory `/glade/scratch/ssuresh/viz/MPAS/src/paraview_catalyst/Adaptor-build/CMakeFiles/CMakeTmp']
  ignore line: [/usr/bin/cmake -E cmake_progress_report /glade/scratch/ssuresh/viz/MPAS/src/paraview_catalyst/Adaptor-build/CMakeFiles/CMakeTmp/CMakeFiles 1]
  ignore line: [Building C object CMakeFiles/cmTryCompileExec3054818513.dir/CMakeCCompilerABI.c.o]
  ignore line: [/glade/work/ssuresh/1810pgi/openmpi/bin/mpicc   -O3  -DSINGLE_PRECISION     -o CMakeFiles/cmTryCompileExec3054818513.dir/CMakeCCompilerABI.c.o   -c /usr/share/cmake/Modules/CMakeCCompilerABI.c]
  ignore line: [Linking C executable cmTryCompileExec3054818513]
  ignore line: [/usr/bin/cmake -E cmake_link_script CMakeFiles/cmTryCompileExec3054818513.dir/link.txt --verbose=1]
  ignore line: [/glade/work/ssuresh/1810pgi/openmpi/bin/mpicc  -O3  -DSINGLE_PRECISION    -v CMakeFiles/cmTryCompileExec3054818513.dir/CMakeCCompilerABI.c.o  -o cmTryCompileExec3054818513   ]
  ignore line: [Export PGI_CURR_CUDA_HOME=/glade/work/ssuresh/1810pgi/linux86-64/2018/cuda/9.2]
  ignore line: [Export PGI=/glade/work/ssuresh/1810pgi]
  ignore line: []
  link line: [/bin/ld /usr/lib64/crt1.o /usr/lib64/crti.o /glade/work/ssuresh/1810pgi/linux86-64/18.10/lib/trace_init.o /usr/lib/gcc/x86_64-redhat-linux/4.8.5/crtbegin.o /glade/work/ssuresh/1810pgi/linux86-64/18.10/lib/initmp.o --eh-frame-hdr -m elf_x86_64 -dynamic-linker /lib64/ld-linux-x86-64.so.2 /glade/work/ssuresh/1810pgi/linux86-64/18.10/lib/pgi.ld -L/glade/work/ssuresh/1810pgi/openmpi/lib -L/glade/work/ssuresh/1810pgi/linux86-64/18.10/lib -L/usr/lib64 -L/usr/lib/gcc/x86_64-redhat-linux/4.8.5 CMakeFiles/cmTryCompileExec3054818513.dir/CMakeCCompilerABI.c.o -rpath /glade/work/ssuresh/1810pgi/openmpi/lib --enable-new-dtags -lmpi -rpath /glade/work/ssuresh/1810pgi/linux86-64/18.10/lib -rpath /usr/lib/gcc/x86_64-redhat-linux/4.8.5/../../../../lib64 -o cmTryCompileExec3054818513 -L/usr/lib/gcc/x86_64-redhat-linux/4.8.5/../../../../lib64 -lpgmp -lnuma -lpthread --start-group -lpgmath -lnspgc -lpgc --end-group -lm -lgcc -lc -lgcc -lgcc_s /usr/lib/gcc/x86_64-redhat-linux/4.8.5/crtend.o /usr/lib64/crtn.o]
    arg [/bin/ld] ==> ignore
    arg [/usr/lib64/crt1.o] ==> ignore
    arg [/usr/lib64/crti.o] ==> ignore
    arg [/glade/work/ssuresh/1810pgi/linux86-64/18.10/lib/trace_init.o] ==> ignore
    arg [/usr/lib/gcc/x86_64-redhat-linux/4.8.5/crtbegin.o] ==> ignore
    arg [/glade/work/ssuresh/1810pgi/linux86-64/18.10/lib/initmp.o] ==> ignore
    arg [--eh-frame-hdr] ==> ignore
    arg [-m] ==> ignore
    arg [elf_x86_64] ==> ignore
    arg [-dynamic-linker] ==> ignore
    arg [/lib64/ld-linux-x86-64.so.2] ==> ignore
    arg [/glade/work/ssuresh/1810pgi/linux86-64/18.10/lib/pgi.ld] ==> ignore
    arg [-L/glade/work/ssuresh/1810pgi/openmpi/lib] ==> dir [/glade/work/ssuresh/1810pgi/openmpi/lib]
    arg [-L/glade/work/ssuresh/1810pgi/linux86-64/18.10/lib] ==> dir [/glade/work/ssuresh/1810pgi/linux86-64/18.10/lib]
    arg [-L/usr/lib64] ==> dir [/usr/lib64]
    arg [-L/usr/lib/gcc/x86_64-redhat-linux/4.8.5] ==> dir [/usr/lib/gcc/x86_64-redhat-linux/4.8.5]
    arg [CMakeFiles/cmTryCompileExec3054818513.dir/CMakeCCompilerABI.c.o] ==> ignore
    arg [-rpath] ==> ignore
    arg [/glade/work/ssuresh/1810pgi/openmpi/lib] ==> ignore
    arg [--enable-new-dtags] ==> ignore
    arg [-lmpi] ==> lib [mpi]
    arg [-rpath] ==> ignore
    arg [/glade/work/ssuresh/1810pgi/linux86-64/18.10/lib] ==> ignore
    arg [-rpath] ==> ignore
    arg [/usr/lib/gcc/x86_64-redhat-linux/4.8.5/../../../../lib64] ==> ignore
    arg [-o] ==> ignore
    arg [cmTryCompileExec3054818513] ==> ignore
    arg [-L/usr/lib/gcc/x86_64-redhat-linux/4.8.5/../../../../lib64] ==> dir [/usr/lib/gcc/x86_64-redhat-linux/4.8.5/../../../../lib64]
    arg [-lpgmp] ==> lib [pgmp]
    arg [-lnuma] ==> lib [numa]
    arg [-lpthread] ==> lib [pthread]
    arg [--start-group] ==> ignore
    arg [-lpgmath] ==> lib [pgmath]
    arg [-lnspgc] ==> lib [nspgc]
    arg [-lpgc] ==> lib [pgc]
    arg [--end-group] ==> ignore
    arg [-lm] ==> lib [m]
    arg [-lgcc] ==> lib [gcc]
    arg [-lc] ==> lib [c]
    arg [-lgcc] ==> lib [gcc]
    arg [-lgcc_s] ==> lib [gcc_s]
    arg [/usr/lib/gcc/x86_64-redhat-linux/4.8.5/crtend.o] ==> ignore
    arg [/usr/lib64/crtn.o] ==> ignore
  remove lib [gcc]
  remove lib [gcc]
  remove lib [gcc_s]
  collapse library dir [/glade/work/ssuresh/1810pgi/openmpi/lib] ==> [/glade/work/ssuresh/1810pgi/openmpi/lib]
  collapse library dir [/glade/work/ssuresh/1810pgi/linux86-64/18.10/lib] ==> [/glade/work/ssuresh/1810pgi/linux86-64/18.10/lib]
  collapse library dir [/usr/lib64] ==> [/usr/lib64]
  collapse library dir [/usr/lib/gcc/x86_64-redhat-linux/4.8.5] ==> [/usr/lib/gcc/x86_64-redhat-linux/4.8.5]
  collapse library dir [/usr/lib/gcc/x86_64-redhat-linux/4.8.5/../../../../lib64] ==> [/usr/lib64]
  implicit libs: [mpi;pgmp;numa;pthread;pgmath;nspgc;pgc;m;c]
  implicit dirs: [/glade/work/ssuresh/1810pgi/openmpi/lib;/glade/work/ssuresh/1810pgi/linux86-64/18.10/lib;/usr/lib64;/usr/lib/gcc/x86_64-redhat-linux/4.8.5]
  implicit fwks: []


Determining if the CXX compiler works passed with the following output:
Change Dir: /glade/scratch/ssuresh/viz/MPAS/src/paraview_catalyst/Adaptor-build/CMakeFiles/CMakeTmp

Run Build Command:/bin/gmake "cmTryCompileExec1360353133/fast"
gmake[4]: Entering directory `/glade/scratch/ssuresh/viz/MPAS/src/paraview_catalyst/Adaptor-build/CMakeFiles/CMakeTmp'
/bin/gmake -f CMakeFiles/cmTryCompileExec1360353133.dir/build.make CMakeFiles/cmTryCompileExec1360353133.dir/build
gmake[5]: Entering directory `/glade/scratch/ssuresh/viz/MPAS/src/paraview_catalyst/Adaptor-build/CMakeFiles/CMakeTmp'
/usr/bin/cmake -E cmake_progress_report /glade/scratch/ssuresh/viz/MPAS/src/paraview_catalyst/Adaptor-build/CMakeFiles/CMakeTmp/CMakeFiles 1
Building CXX object CMakeFiles/cmTryCompileExec1360353133.dir/testCXXCompiler.cxx.o
/glade/work/ssuresh/1810pgi/openmpi/bin/mpicxx    -O3 -DSINGLE_PRECISION     -o CMakeFiles/cmTryCompileExec1360353133.dir/testCXXCompiler.cxx.o -c /glade/scratch/ssuresh/viz/MPAS/src/paraview_catalyst/Adaptor-build/CMakeFiles/CMakeTmp/testCXXCompiler.cxx
Linking CXX executable cmTryCompileExec1360353133
/usr/bin/cmake -E cmake_link_script CMakeFiles/cmTryCompileExec1360353133.dir/link.txt --verbose=1
/glade/work/ssuresh/1810pgi/openmpi/bin/mpicxx   -O3 -DSINGLE_PRECISION     -O3 -Mnofma -acc -ta=tesla:cc70,pinned -Minfo=accel CMakeFiles/cmTryCompileExec1360353133.dir/testCXXCompiler.cxx.o  -o cmTryCompileExec1360353133  
gmake[5]: Leaving directory `/glade/scratch/ssuresh/viz/MPAS/src/paraview_catalyst/Adaptor-build/CMakeFiles/CMakeTmp'
gmake[4]: Leaving directory `/glade/scratch/ssuresh/viz/MPAS/src/paraview_catalyst/Adaptor-build/CMakeFiles/CMakeTmp'


Detecting CXX compiler ABI info compiled with the following output:
Change Dir: /glade/scratch/ssuresh/viz/MPAS/src/paraview_catalyst/Adaptor-build/CMakeFiles/CMakeTmp

Run Build Command:/bin/gmake "cmTryCompileExec1032240521/fast"
gmake[4]: Entering directory `/glade/scratch/ssuresh/viz/MPAS/src/paraview_catalyst/Adaptor-build/CMakeFiles/CMakeTmp'
/bin/gmake -f CMakeFiles/cmTryCompileExec1032240521.dir/build.make CMakeFiles/cmTryCompileExec1032240521.dir/build
gmake[5]: Entering directory `/glade/scratch/ssuresh/viz/MPAS/src/paraview_catalyst/Adaptor-build/CMakeFiles/CMakeTmp'
/usr/bin/cmake -E cmake_progress_report /glade/scratch/ssuresh/viz/MPAS/src/paraview_catalyst/Adaptor-build/CMakeFiles/CMakeTmp/CMakeFiles 1
Building CXX object CMakeFiles/cmTryCompileExec1032240521.dir/CMakeCXXCompilerABI.cpp.o
/glade/work/ssuresh/1810pgi/openmpi/bin/mpicxx    -O3 -DSINGLE_PRECISION     -o CMakeFiles/cmTryCompileExec1032240521.dir/CMakeCXXCompilerABI.cpp.o -c /usr/share/cmake/Modules/CMakeCXXCompilerABI.cpp
Linking CXX executable cmTryCompileExec1032240521
/usr/bin/cmake -E cmake_link_script CMakeFiles/cmTryCompileExec1032240521.dir/link.txt --verbose=1
/glade/work/ssuresh/1810pgi/openmpi/bin/mpicxx   -O3 -DSINGLE_PRECISION    -v CMakeFiles/cmTryCompileExec1032240521.dir/CMakeCXXCompilerABI.cpp.o  -o cmTryCompileExec1032240521   
Export PGI_CURR_CUDA_HOME=/glade/work/ssuresh/1810pgi/linux86-64/2018/cuda/9.2
Export PGI=/glade/work/ssuresh/1810pgi

/bin/ld /usr/lib64/crt1.o /usr/lib64/crti.o /glade/work/ssuresh/1810pgi/linux86-64/18.10/lib/trace_init.o /usr/lib/gcc/x86_64-redhat-linux/4.8.5/crtbegin.o /glade/work/ssuresh/1810pgi/linux86-64/18.10/lib/initmp.o --eh-frame-hdr -m elf_x86_64 -dynamic-linker /lib64/ld-linux-x86-64.so.2 /glade/work/ssuresh/1810pgi/linux86-64/18.10/lib/pgi.ld -L/glade/work/ssuresh/1810pgi/openmpi/lib -L/glade/work/ssuresh/1810pgi/linux86-64/18.10/lib -L/usr/lib64 -L/usr/lib/gcc/x86_64-redhat-linux/4.8.5 CMakeFiles/cmTryCompileExec1032240521.dir/CMakeCXXCompilerABI.cpp.o -rpath /glade/work/ssuresh/1810pgi/openmpi/lib --enable-new-dtags -lmpi -rpath /glade/work/ssuresh/1810pgi/linux86-64/18.10/lib -rpath /usr/lib/gcc/x86_64-redhat-linux/4.8.5/../../../../lib64 -o cmTryCompileExec1032240521 -L/usr/lib/gcc/x86_64-redhat-linux/4.8.5/../../../../lib64 -lpgatm -lstdc++ -lpgmp -lnuma -lpthread --start-group -lpgmath -lnspgc -lpgc --end-group -lm -lgcc -lc -lgcc -lgcc_s /usr/lib/gcc/x86_64-redhat-linux/4.8.5/crtend.o /usr/lib64/crtn.o
gmake[5]: Leaving directory `/glade/scratch/ssuresh/viz/MPAS/src/paraview_catalyst/Adaptor-build/CMakeFiles/CMakeTmp'
gmake[4]: Leaving directory `/glade/scratch/ssuresh/viz/MPAS/src/paraview_catalyst/Adaptor-build/CMakeFiles/CMakeTmp'


Parsed CXX implicit link information from above output:
  link line regex: [^( *|.*[/\])(ld|([^/\]+-)?ld|collect2)[^/\]*( |$)]
  ignore line: [Change Dir: /glade/scratch/ssuresh/viz/MPAS/src/paraview_catalyst/Adaptor-build/CMakeFiles/CMakeTmp]
  ignore line: []
  ignore line: [Run Build Command:/bin/gmake "cmTryCompileExec1032240521/fast"]
  ignore line: [gmake[4]: Entering directory `/glade/scratch/ssuresh/viz/MPAS/src/paraview_catalyst/Adaptor-build/CMakeFiles/CMakeTmp']
  ignore line: [/bin/gmake -f CMakeFiles/cmTryCompileExec1032240521.dir/build.make CMakeFiles/cmTryCompileExec1032240521.dir/build]
  ignore line: [gmake[5]: Entering directory `/glade/scratch/ssuresh/viz/MPAS/src/paraview_catalyst/Adaptor-build/CMakeFiles/CMakeTmp']
  ignore line: [/usr/bin/cmake -E cmake_progress_report /glade/scratch/ssuresh/viz/MPAS/src/paraview_catalyst/Adaptor-build/CMakeFiles/CMakeTmp/CMakeFiles 1]
  ignore line: [Building CXX object CMakeFiles/cmTryCompileExec1032240521.dir/CMakeCXXCompilerABI.cpp.o]
  ignore line: [/glade/work/ssuresh/1810pgi/openmpi/bin/mpicxx    -O3 -DSINGLE_PRECISION     -o CMakeFiles/cmTryCompileExec1032240521.dir/CMakeCXXCompilerABI.cpp.o -c /usr/share/cmake/Modules/CMakeCXXCompilerABI.cpp]
  ignore line: [Linking CXX executable cmTryCompileExec1032240521]
  ignore line: [/usr/bin/cmake -E cmake_link_script CMakeFiles/cmTryCompileExec1032240521.dir/link.txt --verbose=1]
  ignore line: [/glade/work/ssuresh/1810pgi/openmpi/bin/mpicxx   -O3 -DSINGLE_PRECISION    -v CMakeFiles/cmTryCompileExec1032240521.dir/CMakeCXXCompilerABI.cpp.o  -o cmTryCompileExec1032240521   ]
  ignore line: [Export PGI_CURR_CUDA_HOME=/glade/work/ssuresh/1810pgi/linux86-64/2018/cuda/9.2]
  ignore line: [Export PGI=/glade/work/ssuresh/1810pgi]
  ignore line: []
  link line: [/bin/ld /usr/lib64/crt1.o /usr/lib64/crti.o /glade/work/ssuresh/1810pgi/linux86-64/18.10/lib/trace_init.o /usr/lib/gcc/x86_64-redhat-linux/4.8.5/crtbegin.o /glade/work/ssuresh/1810pgi/linux86-64/18.10/lib/initmp.o --eh-frame-hdr -m elf_x86_64 -dynamic-linker /lib64/ld-linux-x86-64.so.2 /glade/work/ssuresh/1810pgi/linux86-64/18.10/lib/pgi.ld -L/glade/work/ssuresh/1810pgi/openmpi/lib -L/glade/work/ssuresh/1810pgi/linux86-64/18.10/lib -L/usr/lib64 -L/usr/lib/gcc/x86_64-redhat-linux/4.8.5 CMakeFiles/cmTryCompileExec1032240521.dir/CMakeCXXCompilerABI.cpp.o -rpath /glade/work/ssuresh/1810pgi/openmpi/lib --enable-new-dtags -lmpi -rpath /glade/work/ssuresh/1810pgi/linux86-64/18.10/lib -rpath /usr/lib/gcc/x86_64-redhat-linux/4.8.5/../../../../lib64 -o cmTryCompileExec1032240521 -L/usr/lib/gcc/x86_64-redhat-linux/4.8.5/../../../../lib64 -lpgatm -lstdc++ -lpgmp -lnuma -lpthread --start-group -lpgmath -lnspgc -lpgc --end-group -lm -lgcc -lc -lgcc -lgcc_s /usr/lib/gcc/x86_64-redhat-linux/4.8.5/crtend.o /usr/lib64/crtn.o]
    arg [/bin/ld] ==> ignore
    arg [/usr/lib64/crt1.o] ==> ignore
    arg [/usr/lib64/crti.o] ==> ignore
    arg [/glade/work/ssuresh/1810pgi/linux86-64/18.10/lib/trace_init.o] ==> ignore
    arg [/usr/lib/gcc/x86_64-redhat-linux/4.8.5/crtbegin.o] ==> ignore
    arg [/glade/work/ssuresh/1810pgi/linux86-64/18.10/lib/initmp.o] ==> ignore
    arg [--eh-frame-hdr] ==> ignore
    arg [-m] ==> ignore
    arg [elf_x86_64] ==> ignore
    arg [-dynamic-linker] ==> ignore
    arg [/lib64/ld-linux-x86-64.so.2] ==> ignore
    arg [/glade/work/ssuresh/1810pgi/linux86-64/18.10/lib/pgi.ld] ==> ignore
    arg [-L/glade/work/ssuresh/1810pgi/openmpi/lib] ==> dir [/glade/work/ssuresh/1810pgi/openmpi/lib]
    arg [-L/glade/work/ssuresh/1810pgi/linux86-64/18.10/lib] ==> dir [/glade/work/ssuresh/1810pgi/linux86-64/18.10/lib]
    arg [-L/usr/lib64] ==> dir [/usr/lib64]
    arg [-L/usr/lib/gcc/x86_64-redhat-linux/4.8.5] ==> dir [/usr/lib/gcc/x86_64-redhat-linux/4.8.5]
    arg [CMakeFiles/cmTryCompileExec1032240521.dir/CMakeCXXCompilerABI.cpp.o] ==> ignore
    arg [-rpath] ==> ignore
    arg [/glade/work/ssuresh/1810pgi/openmpi/lib] ==> ignore
    arg [--enable-new-dtags] ==> ignore
    arg [-lmpi] ==> lib [mpi]
    arg [-rpath] ==> ignore
    arg [/glade/work/ssuresh/1810pgi/linux86-64/18.10/lib] ==> ignore
    arg [-rpath] ==> ignore
    arg [/usr/lib/gcc/x86_64-redhat-linux/4.8.5/../../../../lib64] ==> ignore
    arg [-o] ==> ignore
    arg [cmTryCompileExec1032240521] ==> ignore
    arg [-L/usr/lib/gcc/x86_64-redhat-linux/4.8.5/../../../../lib64] ==> dir [/usr/lib/gcc/x86_64-redhat-linux/4.8.5/../../../../lib64]
    arg [-lpgatm] ==> lib [pgatm]
    arg [-lstdc++] ==> lib [stdc++]
    arg [-lpgmp] ==> lib [pgmp]
    arg [-lnuma] ==> lib [numa]
    arg [-lpthread] ==> lib [pthread]
    arg [--start-group] ==> ignore
    arg [-lpgmath] ==> lib [pgmath]
    arg [-lnspgc] ==> lib [nspgc]
    arg [-lpgc] ==> lib [pgc]
    arg [--end-group] ==> ignore
    arg [-lm] ==> lib [m]
    arg [-lgcc] ==> lib [gcc]
    arg [-lc] ==> lib [c]
    arg [-lgcc] ==> lib [gcc]
    arg [-lgcc_s] ==> lib [gcc_s]
    arg [/usr/lib/gcc/x86_64-redhat-linux/4.8.5/crtend.o] ==> ignore
    arg [/usr/lib64/crtn.o] ==> ignore
  remove lib [gcc]
  remove lib [gcc]
  remove lib [gcc_s]
  collapse library dir [/glade/work/ssuresh/1810pgi/openmpi/lib] ==> [/glade/work/ssuresh/1810pgi/openmpi/lib]
  collapse library dir [/glade/work/ssuresh/1810pgi/linux86-64/18.10/lib] ==> [/glade/work/ssuresh/1810pgi/linux86-64/18.10/lib]
  collapse library dir [/usr/lib64] ==> [/usr/lib64]
  collapse library dir [/usr/lib/gcc/x86_64-redhat-linux/4.8.5] ==> [/usr/lib/gcc/x86_64-redhat-linux/4.8.5]
  collapse library dir [/usr/lib/gcc/x86_64-redhat-linux/4.8.5/../../../../lib64] ==> [/usr/lib64]
  implicit libs: [mpi;pgatm;stdc++;pgmp;numa;pthread;pgmath;nspgc;pgc;m;c]
  implicit dirs: [/glade/work/ssuresh/1810pgi/openmpi/lib;/glade/work/ssuresh/1810pgi/linux86-64/18.10/lib;/usr/lib64;/usr/lib/gcc/x86_64-redhat-linux/4.8.5]
  implicit fwks: []


