Determining if the Q_WS_WIN exist failed with the following output:
Change Dir: /home/mpas/Desktop/Source/MPAS/src/paraview_catalyst/Adaptor-build/CMakeFiles/CMakeTmp

Run Build Command:/usr/bin/make "cmTryCompileExec3053198729/fast"
make[5]: Entering directory `/home/mpas/Desktop/Source/MPAS/src/paraview_catalyst/Adaptor-build/CMakeFiles/CMakeTmp'
/usr/bin/make -f CMakeFiles/cmTryCompileExec3053198729.dir/build.make CMakeFiles/cmTryCompileExec3053198729.dir/build
make[6]: Entering directory `/home/mpas/Desktop/Source/MPAS/src/paraview_catalyst/Adaptor-build/CMakeFiles/CMakeTmp'
/usr/bin/cmake -E cmake_progress_report /home/mpas/Desktop/Source/MPAS/src/paraview_catalyst/Adaptor-build/CMakeFiles/CMakeTmp/CMakeFiles 1
Building CXX object CMakeFiles/cmTryCompileExec3053198729.dir/CheckSymbolExists.cxx.o
/usr/bin/c++    -I/usr/include/qt4    -o CMakeFiles/cmTryCompileExec3053198729.dir/CheckSymbolExists.cxx.o -c /home/mpas/Desktop/Source/MPAS/src/paraview_catalyst/Adaptor-build/CMakeFiles/CMakeTmp/CheckSymbolExists.cxx
/home/mpas/Desktop/Source/MPAS/src/paraview_catalyst/Adaptor-build/CMakeFiles/CMakeTmp/CheckSymbolExists.cxx: In function ‘int main(int, char**)’:
/home/mpas/Desktop/Source/MPAS/src/paraview_catalyst/Adaptor-build/CMakeFiles/CMakeTmp/CheckSymbolExists.cxx:8:19: error: ‘Q_WS_WIN’ was not declared in this scope
   return ((int*)(&Q_WS_WIN))[argc];
                   ^
make[6]: Leaving directory `/home/mpas/Desktop/Source/MPAS/src/paraview_catalyst/Adaptor-build/CMakeFiles/CMakeTmp'
make[6]: *** [CMakeFiles/cmTryCompileExec3053198729.dir/CheckSymbolExists.cxx.o] Error 1
make[5]: Leaving directory `/home/mpas/Desktop/Source/MPAS/src/paraview_catalyst/Adaptor-build/CMakeFiles/CMakeTmp'
make[5]: *** [cmTryCompileExec3053198729/fast] Error 2

File /home/mpas/Desktop/Source/MPAS/src/paraview_catalyst/Adaptor-build/CMakeFiles/CMakeTmp/CheckSymbolExists.cxx:
/* */
#include <QtCore/qglobal.h>

int main(int argc, char** argv)
{
  (void)argv;
#ifndef Q_WS_WIN
  return ((int*)(&Q_WS_WIN))[argc];
#else
  (void)argc;
  return 0;
#endif
}

Determining if the Q_WS_QWS exist failed with the following output:
Change Dir: /home/mpas/Desktop/Source/MPAS/src/paraview_catalyst/Adaptor-build/CMakeFiles/CMakeTmp

Run Build Command:/usr/bin/make "cmTryCompileExec1894775738/fast"
make[5]: Entering directory `/home/mpas/Desktop/Source/MPAS/src/paraview_catalyst/Adaptor-build/CMakeFiles/CMakeTmp'
/usr/bin/make -f CMakeFiles/cmTryCompileExec1894775738.dir/build.make CMakeFiles/cmTryCompileExec1894775738.dir/build
make[6]: Entering directory `/home/mpas/Desktop/Source/MPAS/src/paraview_catalyst/Adaptor-build/CMakeFiles/CMakeTmp'
/usr/bin/cmake -E cmake_progress_report /home/mpas/Desktop/Source/MPAS/src/paraview_catalyst/Adaptor-build/CMakeFiles/CMakeTmp/CMakeFiles 1
Building CXX object CMakeFiles/cmTryCompileExec1894775738.dir/CheckSymbolExists.cxx.o
/usr/bin/c++    -I/usr/include/qt4    -o CMakeFiles/cmTryCompileExec1894775738.dir/CheckSymbolExists.cxx.o -c /home/mpas/Desktop/Source/MPAS/src/paraview_catalyst/Adaptor-build/CMakeFiles/CMakeTmp/CheckSymbolExists.cxx
/home/mpas/Desktop/Source/MPAS/src/paraview_catalyst/Adaptor-build/CMakeFiles/CMakeTmp/CheckSymbolExists.cxx: In function ‘int main(int, char**)’:
/home/mpas/Desktop/Source/MPAS/src/paraview_catalyst/Adaptor-build/CMakeFiles/CMakeTmp/CheckSymbolExists.cxx:8:19: error: ‘Q_WS_QWS’ was not declared in this scope
   return ((int*)(&Q_WS_QWS))[argc];
                   ^
make[6]: Leaving directory `/home/mpas/Desktop/Source/MPAS/src/paraview_catalyst/Adaptor-build/CMakeFiles/CMakeTmp'
make[6]: *** [CMakeFiles/cmTryCompileExec1894775738.dir/CheckSymbolExists.cxx.o] Error 1
make[5]: Leaving directory `/home/mpas/Desktop/Source/MPAS/src/paraview_catalyst/Adaptor-build/CMakeFiles/CMakeTmp'
make[5]: *** [cmTryCompileExec1894775738/fast] Error 2

File /home/mpas/Desktop/Source/MPAS/src/paraview_catalyst/Adaptor-build/CMakeFiles/CMakeTmp/CheckSymbolExists.cxx:
/* */
#include <QtCore/qglobal.h>

int main(int argc, char** argv)
{
  (void)argv;
#ifndef Q_WS_QWS
  return ((int*)(&Q_WS_QWS))[argc];
#else
  (void)argc;
  return 0;
#endif
}

Determining if the Q_WS_MAC exist failed with the following output:
Change Dir: /home/mpas/Desktop/Source/MPAS/src/paraview_catalyst/Adaptor-build/CMakeFiles/CMakeTmp

Run Build Command:/usr/bin/make "cmTryCompileExec3382031708/fast"
make[5]: Entering directory `/home/mpas/Desktop/Source/MPAS/src/paraview_catalyst/Adaptor-build/CMakeFiles/CMakeTmp'
/usr/bin/make -f CMakeFiles/cmTryCompileExec3382031708.dir/build.make CMakeFiles/cmTryCompileExec3382031708.dir/build
make[6]: Entering directory `/home/mpas/Desktop/Source/MPAS/src/paraview_catalyst/Adaptor-build/CMakeFiles/CMakeTmp'
/usr/bin/cmake -E cmake_progress_report /home/mpas/Desktop/Source/MPAS/src/paraview_catalyst/Adaptor-build/CMakeFiles/CMakeTmp/CMakeFiles 1
Building CXX object CMakeFiles/cmTryCompileExec3382031708.dir/CheckSymbolExists.cxx.o
/usr/bin/c++    -I/usr/include/qt4    -o CMakeFiles/cmTryCompileExec3382031708.dir/CheckSymbolExists.cxx.o -c /home/mpas/Desktop/Source/MPAS/src/paraview_catalyst/Adaptor-build/CMakeFiles/CMakeTmp/CheckSymbolExists.cxx
/home/mpas/Desktop/Source/MPAS/src/paraview_catalyst/Adaptor-build/CMakeFiles/CMakeTmp/CheckSymbolExists.cxx: In function ‘int main(int, char**)’:
/home/mpas/Desktop/Source/MPAS/src/paraview_catalyst/Adaptor-build/CMakeFiles/CMakeTmp/CheckSymbolExists.cxx:8:19: error: ‘Q_WS_MAC’ was not declared in this scope
   return ((int*)(&Q_WS_MAC))[argc];
                   ^
make[6]: Leaving directory `/home/mpas/Desktop/Source/MPAS/src/paraview_catalyst/Adaptor-build/CMakeFiles/CMakeTmp'
make[6]: *** [CMakeFiles/cmTryCompileExec3382031708.dir/CheckSymbolExists.cxx.o] Error 1
make[5]: *** [cmTryCompileExec3382031708/fast] Error 2
make[5]: Leaving directory `/home/mpas/Desktop/Source/MPAS/src/paraview_catalyst/Adaptor-build/CMakeFiles/CMakeTmp'

File /home/mpas/Desktop/Source/MPAS/src/paraview_catalyst/Adaptor-build/CMakeFiles/CMakeTmp/CheckSymbolExists.cxx:
/* */
#include <QtCore/qglobal.h>

int main(int argc, char** argv)
{
  (void)argv;
#ifndef Q_WS_MAC
  return ((int*)(&Q_WS_MAC))[argc];
#else
  (void)argc;
  return 0;
#endif
}

